#
# There is insufficient memory for the Java Runtime Environment to continue.
# Native memory allocation (mmap) failed to map 2097152 bytes for G1 virtual space
# Possible reasons:
#   The system is out of physical RAM or swap space
#   The process is running with CompressedOops enabled, and the Java Heap may be blocking the growth of the native heap
# Possible solutions:
#   Reduce memory load on the system
#   Increase physical memory or swap space
#   Check if swap backing store is full
#   Decrease Java heap size (-Xmx/-Xms)
#   Decrease number of Java threads
#   Decrease Java thread stack sizes (-Xss)
#   Set larger code cache with -XX:ReservedCodeCacheSize=
#   JVM is running with Unscaled Compressed Oops mode in which the Java heap is
#     placed in the first 4GB address space. The Java Heap base address is the
#     maximum limit for the native heap growth. Please use -XX:HeapBaseMinAddress
#     to set the Java Heap base and to place the Java Heap above 4GB virtual address.
# This output file may be truncated or incomplete.
#
#  Out of Memory Error (os_windows.cpp:3559), pid=14032, tid=10540
#
# JRE version: OpenJDK Runtime Environment Temurin-17.0.7+7 (17.0.7+7) (build 17.0.7+7)
# Java VM: OpenJDK 64-Bit Server VM Temurin-17.0.7+7 (17.0.7+7, mixed mode, emulated-client, tiered, compressed oops, compressed class ptrs, g1 gc, windows-amd64)
# No core dump will be written. Minidumps are not enabled by default on client versions of Windows
#

---------------  S U M M A R Y ------------

Command Line: -Dcom.sun.management.jmxremote -Dcom.sun.management.jmxremote.port=53404 -Dcom.sun.management.jmxremote.authenticate=false -Dcom.sun.management.jmxremote.ssl=false -Djava.rmi.server.hostname=localhost -Dspring.jmx.enabled=true -Dmanagement.endpoints.jmx.exposure.include=* -Dspring.application.admin.enabled=true -XX:TieredStopAtLevel=1 -Dspring.boot.project.name=PedidoBackEnd_Spring -Dfile.encoding=UTF-8 -XX:+ShowCodeDetailsInExceptionMessages com.api.PedidoBackEnd_Spring.PedidoBackEndSpringApplication --spring.output.ansi.enabled=always

Host: Intel(R) Core(TM) i5-4210U CPU @ 1.70GHz, 4 cores, 3G,  Windows 10 , 64 bit Build 19041 (10.0.19041.3155)
Time: Mon Sep 11 12:13:15 2023 Hora Padrão da Bahia elapsed time: 67.081038 seconds (0d 0h 1m 7s)

---------------  T H R E A D  ---------------

Current thread (0x00000137cbed4a00):  VMThread "VM Thread" [stack: 0x000000118cb00000,0x000000118cc00000] [id=10540]

Stack: [0x000000118cb00000,0x000000118cc00000]
Native frames: (J=compiled Java code, j=interpreted, Vv=VM code, C=native code)
V  [jvm.dll+0x67754a]
V  [jvm.dll+0x834304]
V  [jvm.dll+0x835aae]
V  [jvm.dll+0x836113]
V  [jvm.dll+0x24696f]
V  [jvm.dll+0x6743f9]
V  [jvm.dll+0x668c8a]
V  [jvm.dll+0x3061bb]
V  [jvm.dll+0x30d6a6]
V  [jvm.dll+0x35cece]
V  [jvm.dll+0x35d0ff]
V  [jvm.dll+0x2dd048]
V  [jvm.dll+0x2e00d6]
V  [jvm.dll+0x2ea7a8]
V  [jvm.dll+0x31e8f0]
V  [jvm.dll+0x83a5bb]
V  [jvm.dll+0x83b2f4]
V  [jvm.dll+0x83b80c]
V  [jvm.dll+0x83bbe4]
V  [jvm.dll+0x83bcb0]
V  [jvm.dll+0x7e4e7a]
V  [jvm.dll+0x676395]
C  [ucrtbase.dll+0x21bb2]
C  [KERNEL32.DLL+0x17614]
C  [ntdll.dll+0x526b1]

VM_Operation (0x000000118c7ff650): G1Concurrent, mode: safepoint, requested by thread 0x00000137c10634e0


---------------  P R O C E S S  ---------------

Threads class SMR info:
_java_thread_list=0x00000137d2704850, length=24, elements={
0x00000137c101ec20, 0x00000137cbedb0e0, 0x00000137cbedcbf0, 0x00000137cbf1e290,
0x00000137cbf1fc50, 0x00000137cbf24610, 0x00000137cbf24fc0, 0x00000137cbf25970,
0x00000137cbf59a30, 0x00000137c10c28a0, 0x00000137d02a5680, 0x00000137d07cc9b0,
0x00000137d07c2f40, 0x00000137d07c4010, 0x00000137c101fbd0, 0x00000137d090b8e0,
0x00000137d094b1f0, 0x00000137d09463d0, 0x00000137d09468a0, 0x00000137d1ad0360,
0x00000137d1acf9c0, 0x00000137d1ad0830, 0x00000137d1acf020, 0x00000137d1acf4f0
}

Java Threads: ( => current thread )
  0x00000137c101ec20 JavaThread "main" [_thread_blocked, id=13280, stack(0x000000118c500000,0x000000118c600000)]
  0x00000137cbedb0e0 JavaThread "Reference Handler" daemon [_thread_blocked, id=2600, stack(0x000000118cc00000,0x000000118cd00000)]
  0x00000137cbedcbf0 JavaThread "Finalizer" daemon [_thread_blocked, id=9288, stack(0x000000118cd00000,0x000000118ce00000)]
  0x00000137cbf1e290 JavaThread "Signal Dispatcher" daemon [_thread_blocked, id=16252, stack(0x000000118ce00000,0x000000118cf00000)]
  0x00000137cbf1fc50 JavaThread "Attach Listener" daemon [_thread_blocked, id=15552, stack(0x000000118cf00000,0x000000118d000000)]
  0x00000137cbf24610 JavaThread "Service Thread" daemon [_thread_blocked, id=17348, stack(0x000000118d000000,0x000000118d100000)]
  0x00000137cbf24fc0 JavaThread "Monitor Deflation Thread" daemon [_thread_blocked, id=15800, stack(0x000000118d100000,0x000000118d200000)]
  0x00000137cbf25970 JavaThread "C1 CompilerThread0" daemon [_thread_blocked, id=18936, stack(0x000000118d200000,0x000000118d300000)]
  0x00000137cbf59a30 JavaThread "Sweeper thread" daemon [_thread_blocked, id=7944, stack(0x000000118d300000,0x000000118d400000)]
  0x00000137c10c28a0 JavaThread "Common-Cleaner" daemon [_thread_blocked, id=22600, stack(0x000000118d400000,0x000000118d500000)]
  0x00000137d02a5680 JavaThread "Notification Thread" daemon [_thread_blocked, id=13460, stack(0x000000118d500000,0x000000118d600000)]
  0x00000137d07cc9b0 JavaThread "RMI TCP Accept-0" daemon [_thread_in_native, id=11592, stack(0x000000118d600000,0x000000118d700000)]
  0x00000137d07c2f40 JavaThread "RMI TCP Accept-53404" daemon [_thread_in_native, id=8384, stack(0x000000118d700000,0x000000118d800000)]
  0x00000137d07c4010 JavaThread "RMI TCP Accept-0" daemon [_thread_in_native, id=18572, stack(0x000000118d800000,0x000000118d900000)]
  0x00000137c101fbd0 JavaThread "RMI TCP Connection(idle)" daemon [_thread_blocked, id=21352, stack(0x000000118da00000,0x000000118db00000)]
  0x00000137d090b8e0 JavaThread "RMI Scheduler(0)" daemon [_thread_blocked, id=21124, stack(0x000000118db00000,0x000000118dc00000)]
  0x00000137d094b1f0 JavaThread "RMI TCP Connection(2)-127.0.0.1" daemon [_thread_blocked, id=17268, stack(0x000000118e000000,0x000000118e100000)]
  0x00000137d09463d0 JavaThread "Thread-0" [_thread_blocked, id=15996, stack(0x000000118e200000,0x000000118e300000)]
  0x00000137d09468a0 JavaThread "restartedMain" [_thread_blocked, id=13948, stack(0x000000118e300000,0x000000118e400000)]
  0x00000137d1ad0360 JavaThread "JMX server connection timeout 27" daemon [_thread_blocked, id=19264, stack(0x000000118e400000,0x000000118e500000)]
  0x00000137d1acf9c0 JavaThread "HikariPool-1 housekeeper" daemon [_thread_blocked, id=19000, stack(0x000000118e500000,0x000000118e600000)]
  0x00000137d1ad0830 JavaThread "Catalina-utility-1" [_thread_blocked, id=19808, stack(0x000000118e700000,0x000000118e800000)]
  0x00000137d1acf020 JavaThread "Catalina-utility-2" [_thread_blocked, id=23516, stack(0x000000118e800000,0x000000118e900000)]
  0x00000137d1acf4f0 JavaThread "container-0" [_thread_blocked, id=10668, stack(0x000000118e900000,0x000000118ea00000)]

Other Threads:
=>0x00000137cbed4a00 VMThread "VM Thread" [stack: 0x000000118cb00000,0x000000118cc00000] [id=10540]
  0x00000137d077bfc0 WatcherThread [stack: 0x000000118d900000,0x000000118da00000] [id=9072]
  0x00000137c1058fe0 GCTaskThread "GC Thread#0" [stack: 0x000000118c600000,0x000000118c700000] [id=8292]
  0x00000137d090c2b0 GCTaskThread "GC Thread#1" [stack: 0x000000118dc00000,0x000000118dd00000] [id=9612]
  0x00000137d08c61d0 GCTaskThread "GC Thread#2" [stack: 0x000000118dd00000,0x000000118de00000] [id=6424]
  0x00000137d08dbd30 GCTaskThread "GC Thread#3" [stack: 0x000000118de00000,0x000000118df00000] [id=20564]
  0x00000137c10634e0 ConcurrentGCThread "G1 Main Marker" [stack: 0x000000118c700000,0x000000118c800000] [id=4428]
  0x00000137c1063ef0 ConcurrentGCThread "G1 Conc#0" [stack: 0x000000118c800000,0x000000118c900000] [id=4324]
  0x00000137c10b2630 ConcurrentGCThread "G1 Refine#0" [stack: 0x000000118c900000,0x000000118ca00000] [id=13336]
  0x00000137d08c5a50 ConcurrentGCThread "G1 Refine#1" [stack: 0x000000118df00000,0x000000118e000000] [id=16336]
  0x00000137d08c5d30 ConcurrentGCThread "G1 Refine#2" [stack: 0x000000118e100000,0x000000118e200000] [id=10372]
  0x00000137c10b3930 ConcurrentGCThread "G1 Service" [stack: 0x000000118ca00000,0x000000118cb00000] [id=20540]

Threads with active compile tasks:

VM state: at safepoint (normal execution)

VM Mutex/Monitor currently owned by a thread:  ([mutex/lock_event])
[0x00000137c101a5a0] Threads_lock - owner thread: 0x00000137cbed4a00
[0x00000137c1019af0] Heap_lock - owner thread: 0x00000137c10634e0

Heap address: 0x00000000c1600000, size: 1002 MB, Compressed Oops mode: 32-bit

CDS archive(s) not mapped
Compressed class space mapped at: 0x0000000100000000-0x0000000140000000, reserved size: 1073741824
Narrow klass base: 0x0000000000000000, Narrow klass shift: 3, Narrow klass range: 0x140000000

GC Precious Log:
 CPUs: 4 total, 4 available
 Memory: 4000M
 Large Page Support: Disabled
 NUMA Support: Disabled
 Compressed Oops: Enabled (32-bit)
 Heap Region Size: 1M
 Heap Min Capacity: 8M
 Heap Initial Capacity: 64M
 Heap Max Capacity: 1002M
 Pre-touch: Disabled
 Parallel Workers: 4
 Concurrent Workers: 1
 Concurrent Refinement Workers: 4
 Periodic GC: Disabled

Heap:
 garbage-first heap   total 40960K, used 23649K [0x00000000c1600000, 0x0000000100000000)
  region size 1024K, 2 young (2048K), 1 survivors (1024K)
 Metaspace       used 66338K, committed 66752K, reserved 1114112K
  class space    used 9077K, committed 9280K, reserved 1048576K

Heap Regions: E=young(eden), S=young(survivor), O=old, HS=humongous(starts), HC=humongous(continues), CS=collection set, F=free, OA=open archive, CA=closed archive, TAMS=top-at-mark-start (previous, next)
|   0|0x00000000c1600000, 0x00000000c1700000, 0x00000000c1700000|100%|HS|  |TAMS 0x00000000c1700000, 0x00000000c1600000| Complete 
|   1|0x00000000c1700000, 0x00000000c1800000, 0x00000000c1800000|100%| O|  |TAMS 0x00000000c1800000, 0x00000000c1700000| Untracked 
|   2|0x00000000c1800000, 0x00000000c1900000, 0x00000000c1900000|100%| O|  |TAMS 0x00000000c1900000, 0x00000000c1800000| Untracked 
|   3|0x00000000c1900000, 0x00000000c1a00000, 0x00000000c1a00000|100%| O|  |TAMS 0x00000000c1a00000, 0x00000000c1900000| Untracked 
|   4|0x00000000c1a00000, 0x00000000c1b00000, 0x00000000c1b00000|100%| O|  |TAMS 0x00000000c1b00000, 0x00000000c1a00000| Updating 
|   5|0x00000000c1b00000, 0x00000000c1c00000, 0x00000000c1c00000|100%| O|  |TAMS 0x00000000c1c00000, 0x00000000c1b00000| Untracked 
|   6|0x00000000c1c00000, 0x00000000c1d00000, 0x00000000c1d00000|100%| O|  |TAMS 0x00000000c1d00000, 0x00000000c1c00000| Untracked 
|   7|0x00000000c1d00000, 0x00000000c1e00000, 0x00000000c1e00000|100%| O|  |TAMS 0x00000000c1e00000, 0x00000000c1d00000| Updating 
|   8|0x00000000c1e00000, 0x00000000c1f00000, 0x00000000c1f00000|100%| O|  |TAMS 0x00000000c1f00000, 0x00000000c1e00000| Untracked 
|   9|0x00000000c1f00000, 0x00000000c2000000, 0x00000000c2000000|100%| O|  |TAMS 0x00000000c2000000, 0x00000000c1f00000| Updating 
|  10|0x00000000c2000000, 0x00000000c2100000, 0x00000000c2100000|100%| O|  |TAMS 0x00000000c2100000, 0x00000000c2000000| Untracked 
|  11|0x00000000c2100000, 0x00000000c2200000, 0x00000000c2200000|100%| O|  |TAMS 0x00000000c2200000, 0x00000000c2100000| Untracked 
|  12|0x00000000c2200000, 0x00000000c2200000, 0x00000000c2300000|  0%| F|  |TAMS 0x00000000c2200000, 0x00000000c2200000| Untracked 
|  13|0x00000000c2300000, 0x00000000c2400000, 0x00000000c2400000|100%| O|  |TAMS 0x00000000c2400000, 0x00000000c2300000| Updating 
|  14|0x00000000c2400000, 0x00000000c2500000, 0x00000000c2500000|100%| O|  |TAMS 0x00000000c2500000, 0x00000000c2400000| Updating 
|  15|0x00000000c2500000, 0x00000000c2600000, 0x00000000c2600000|100%| O|  |TAMS 0x00000000c2600000, 0x00000000c2500000| Updating 
|  16|0x00000000c2600000, 0x00000000c2600000, 0x00000000c2700000|  0%| F|  |TAMS 0x00000000c2600000, 0x00000000c2600000| Untracked 
|  17|0x00000000c2700000, 0x00000000c2800000, 0x00000000c2800000|100%| O|  |TAMS 0x00000000c2800000, 0x00000000c2700000| Untracked 
|  18|0x00000000c2800000, 0x00000000c2900000, 0x00000000c2900000|100%| O|  |TAMS 0x00000000c2900000, 0x00000000c2800000| Updating 
|  19|0x00000000c2900000, 0x00000000c2a00000, 0x00000000c2a00000|100%| O|  |TAMS 0x00000000c2a00000, 0x00000000c2900000| Untracked 
|  20|0x00000000c2a00000, 0x00000000c2b00000, 0x00000000c2b00000|100%| O|  |TAMS 0x00000000c2b00000, 0x00000000c2a00000| Untracked 
|  21|0x00000000c2b00000, 0x00000000c2c00000, 0x00000000c2c00000|100%| O|  |TAMS 0x00000000c2c00000, 0x00000000c2b00000| Untracked 
|  22|0x00000000c2c00000, 0x00000000c2d00000, 0x00000000c2d00000|100%| O|  |TAMS 0x00000000c2d00000, 0x00000000c2c00000| Untracked 
|  23|0x00000000c2d00000, 0x00000000c2e00000, 0x00000000c2e00000|100%| O|  |TAMS 0x00000000c2e00000, 0x00000000c2d00000| Untracked 
|  24|0x00000000c2e00000, 0x00000000c2e18400, 0x00000000c2f00000|  9%| O|  |TAMS 0x00000000c2e18400, 0x00000000c2e00000| Updating 
|  25|0x00000000c2f00000, 0x00000000c2f00000, 0x00000000c3000000|  0%| F|  |TAMS 0x00000000c2f00000, 0x00000000c2f00000| Untracked 
|  26|0x00000000c3000000, 0x00000000c3000000, 0x00000000c3100000|  0%| F|  |TAMS 0x00000000c3000000, 0x00000000c3000000| Untracked 
|  27|0x00000000c3100000, 0x00000000c3100000, 0x00000000c3200000|  0%| F|  |TAMS 0x00000000c3100000, 0x00000000c3100000| Untracked 
|  28|0x00000000c3200000, 0x00000000c3300000, 0x00000000c3300000|100%| S|CS|TAMS 0x00000000c3200000, 0x00000000c3200000| Complete 
|  29|0x00000000c3300000, 0x00000000c3300000, 0x00000000c3400000|  0%| F|  |TAMS 0x00000000c3300000, 0x00000000c3300000| Untracked 
|  30|0x00000000c3400000, 0x00000000c3400000, 0x00000000c3500000|  0%| F|  |TAMS 0x00000000c3400000, 0x00000000c3400000| Untracked 
|  31|0x00000000c3500000, 0x00000000c3500000, 0x00000000c3600000|  0%| F|  |TAMS 0x00000000c3500000, 0x00000000c3500000| Untracked 
|  32|0x00000000c3600000, 0x00000000c3600000, 0x00000000c3700000|  0%| F|  |TAMS 0x00000000c3600000, 0x00000000c3600000| Untracked 
|  33|0x00000000c3700000, 0x00000000c3700000, 0x00000000c3800000|  0%| F|  |TAMS 0x00000000c3700000, 0x00000000c3700000| Untracked 
|  34|0x00000000c3800000, 0x00000000c3800000, 0x00000000c3900000|  0%| F|  |TAMS 0x00000000c3800000, 0x00000000c3800000| Untracked 
|  35|0x00000000c3900000, 0x00000000c3900000, 0x00000000c3a00000|  0%| F|  |TAMS 0x00000000c3900000, 0x00000000c3900000| Untracked 
|  54|0x00000000c4c00000, 0x00000000c4c00000, 0x00000000c4d00000|  0%| F|  |TAMS 0x00000000c4c00000, 0x00000000c4c00000| Untracked 
|  55|0x00000000c4d00000, 0x00000000c4d00000, 0x00000000c4e00000|  0%| F|  |TAMS 0x00000000c4d00000, 0x00000000c4d00000| Untracked 
|  56|0x00000000c4e00000, 0x00000000c4e00000, 0x00000000c4f00000|  0%| F|  |TAMS 0x00000000c4e00000, 0x00000000c4e00000| Untracked 
|  63|0x00000000c5500000, 0x00000000c558dd48, 0x00000000c5600000| 55%| E|  |TAMS 0x00000000c5500000, 0x00000000c5500000| Complete 

Card table byte_map: [0x00000137c76d0000,0x00000137c78d0000] _byte_map_base: 0x00000137c70c5000

Marking Bits (Prev, Next): (CMBitMap*) 0x00000137c105a640, (CMBitMap*) 0x00000137c105a600
 Prev Bits: [0x00000137c8a80000, 0x00000137c9a28000)
 Next Bits: [0x00000137c7ad0000, 0x00000137c8a78000)

Polling page: 0x00000137beef0000

Metaspace:

Usage:
  Non-class:     55.92 MB used.
      Class:      8.86 MB used.
       Both:     64.78 MB used.

Virtual space:
  Non-class space:       64.00 MB reserved,      56.12 MB ( 88%) committed,  1 nodes.
      Class space:        1.00 GB reserved,       9.06 MB ( <1%) committed,  1 nodes.
             Both:        1.06 GB reserved,      65.19 MB (  6%) committed. 

Chunk freelists:
   Non-Class:  7.89 MB
       Class:  6.89 MB
        Both:  14.78 MB

MaxMetaspaceSize: unlimited
CompressedClassSpaceSize: 1.00 GB
Initial GC threshold: 21.00 MB
Current GC threshold: 102.31 MB
CDS: off
MetaspaceReclaimPolicy: balanced
 - commit_granule_bytes: 65536.
 - commit_granule_words: 8192.
 - virtual_space_node_default_size: 8388608.
 - enlarge_chunks_in_place: 1.
 - new_chunks_are_fully_committed: 0.
 - uncommit_free_chunks: 1.
 - use_allocation_guard: 0.
 - handle_deallocations: 1.


Internal statistics:

num_allocs_failed_limit: 8.
num_arena_births: 706.
num_arena_deaths: 188.
num_vsnodes_births: 2.
num_vsnodes_deaths: 0.
num_space_committed: 1043.
num_space_uncommitted: 0.
num_chunks_returned_to_freelist: 230.
num_chunks_taken_from_freelist: 2882.
num_chunk_merges: 71.
num_chunk_splits: 2029.
num_chunks_enlarged: 1589.
num_inconsistent_stats: 0.

CodeCache: size=49152Kb used=8413Kb max_used=8413Kb free=40738Kb
 bounds [0x00000137c46d0000, 0x00000137c4f10000, 0x00000137c76d0000]
 total_blobs=5418 nmethods=4765 adapters=580
 compilation: enabled
              stopped_count=0, restarted_count=0
 full_count=0

Compilation events (20 events):
Event: 66.694 Thread 0x00000137cbf25970 4772       1       org.springframework.data.util.Optionals$$Lambda$1175/0x0000000100908468::apply (5 bytes)
Event: 66.694 Thread 0x00000137cbf25970 nmethod 4772 0x00000137c4f03c10 code [0x00000137c4f03dc0, 0x00000137c4f04018]
Event: 66.694 Thread 0x00000137cbf25970 4767       1       org.springframework.data.util.Lazy::<init> (8 bytes)
Event: 66.694 Thread 0x00000137cbf25970 nmethod 4767 0x00000137c4f04190 code [0x00000137c4f04320, 0x00000137c4f04478]
Event: 66.694 Thread 0x00000137cbf25970 4768       1       org.springframework.data.util.Lazy::of (9 bytes)
Event: 66.695 Thread 0x00000137cbf25970 nmethod 4768 0x00000137c4f04510 code [0x00000137c4f046a0, 0x00000137c4f047d8]
Event: 66.695 Thread 0x00000137cbf25970 4775       1       org.springframework.util.ReflectionUtils::makeAccessible (36 bytes)
Event: 66.695 Thread 0x00000137cbf25970 nmethod 4775 0x00000137c4f04890 code [0x00000137c4f04a40, 0x00000137c4f04c28]
Event: 66.695 Thread 0x00000137cbf25970 4773       1       org.springframework.data.util.ClassTypeInformation::getType (5 bytes)
Event: 66.696 Thread 0x00000137cbf25970 nmethod 4773 0x00000137c4f04d90 code [0x00000137c4f04f20, 0x00000137c4f04ff8]
Event: 66.696 Thread 0x00000137cbf25970 4774       1       java.util.Arrays$ArrayList::spliterator (10 bytes)
Event: 66.696 Thread 0x00000137cbf25970 nmethod 4774 0x00000137c4f05090 code [0x00000137c4f05240, 0x00000137c4f05438]
Event: 66.728 Thread 0x00000137cbf25970 4776       1       org.springframework.data.util.ReactiveWrappers$$Lambda$516/0x00000001003f11a8::apply (8 bytes)
Event: 66.729 Thread 0x00000137cbf25970 nmethod 4776 0x00000137c4f05590 code [0x00000137c4f057a0, 0x00000137c4f05ce8]
Event: 66.729 Thread 0x00000137cbf25970 4777       1       org.springframework.data.util.ReflectionUtils::returnTypeAndParameters (28 bytes)
Event: 66.730 Thread 0x00000137cbf25970 nmethod 4777 0x00000137c4f06090 code [0x00000137c4f062a0, 0x00000137c4f067a8]
Event: 66.730 Thread 0x00000137cbf25970 4778       1       java.util.stream.Streams$AbstractStreamBuilderImpl::estimateSize (9 bytes)
Event: 66.730 Thread 0x00000137cbf25970 nmethod 4778 0x00000137c4f06b10 code [0x00000137c4f06ca0, 0x00000137c4f06d78]
Event: 66.730 Thread 0x00000137cbf25970 4779   !   1       java.util.stream.Streams$2::run (47 bytes)
Event: 66.731 Thread 0x00000137cbf25970 nmethod 4779 0x00000137c4f06e10 code [0x00000137c4f06fe0, 0x00000137c4f07238]

GC Heap History (20 events):
Event: 44.941 GC heap before
{Heap before GC invocations=23 (full 0):
 garbage-first heap   total 37888K, used 29815K [0x00000000c1600000, 0x0000000100000000)
  region size 1024K, 10 young (10240K), 1 survivors (1024K)
 Metaspace       used 49897K, committed 50368K, reserved 1114112K
  class space    used 6523K, committed 6784K, reserved 1048576K
}
Event: 44.945 GC heap after
{Heap after GC invocations=24 (full 0):
 garbage-first heap   total 37888K, used 21094K [0x00000000c1600000, 0x0000000100000000)
  region size 1024K, 2 young (2048K), 2 survivors (2048K)
 Metaspace       used 49897K, committed 50368K, reserved 1114112K
  class space    used 6523K, committed 6784K, reserved 1048576K
}
Event: 46.169 GC heap before
{Heap before GC invocations=24 (full 0):
 garbage-first heap   total 37888K, used 29286K [0x00000000c1600000, 0x0000000100000000)
  region size 1024K, 11 young (11264K), 2 survivors (2048K)
 Metaspace       used 52195K, committed 52736K, reserved 1114112K
  class space    used 6854K, committed 7104K, reserved 1048576K
}
Event: 46.173 GC heap after
{Heap after GC invocations=25 (full 0):
 garbage-first heap   total 37888K, used 21621K [0x00000000c1600000, 0x0000000100000000)
  region size 1024K, 2 young (2048K), 2 survivors (2048K)
 Metaspace       used 52195K, committed 52736K, reserved 1114112K
  class space    used 6854K, committed 7104K, reserved 1048576K
}
Event: 48.175 GC heap before
{Heap before GC invocations=26 (full 0):
 garbage-first heap   total 39936K, used 29813K [0x00000000c1600000, 0x0000000100000000)
  region size 1024K, 11 young (11264K), 2 survivors (2048K)
 Metaspace       used 54253K, committed 54656K, reserved 1114112K
  class space    used 7112K, committed 7296K, reserved 1048576K
}
Event: 48.180 GC heap after
{Heap after GC invocations=27 (full 0):
 garbage-first heap   total 39936K, used 22266K [0x00000000c1600000, 0x0000000100000000)
  region size 1024K, 2 young (2048K), 2 survivors (2048K)
 Metaspace       used 54253K, committed 54656K, reserved 1114112K
  class space    used 7112K, committed 7296K, reserved 1048576K
}
Event: 48.436 GC heap before
{Heap before GC invocations=27 (full 0):
 garbage-first heap   total 39936K, used 22266K [0x00000000c1600000, 0x0000000100000000)
  region size 1024K, 3 young (3072K), 2 survivors (2048K)
 Metaspace       used 54458K, committed 54912K, reserved 1114112K
  class space    used 7145K, committed 7360K, reserved 1048576K
}
Event: 48.443 GC heap after
{Heap after GC invocations=28 (full 0):
 garbage-first heap   total 39936K, used 21613K [0x00000000c1600000, 0x0000000100000000)
  region size 1024K, 1 young (1024K), 1 survivors (1024K)
 Metaspace       used 54458K, committed 54912K, reserved 1114112K
  class space    used 7145K, committed 7360K, reserved 1048576K
}
Event: 50.405 GC heap before
{Heap before GC invocations=28 (full 0):
 garbage-first heap   total 39936K, used 30829K [0x00000000c1600000, 0x0000000100000000)
  region size 1024K, 11 young (11264K), 1 survivors (1024K)
 Metaspace       used 58049K, committed 58496K, reserved 1114112K
  class space    used 7710K, committed 7936K, reserved 1048576K
}
Event: 50.408 GC heap after
{Heap after GC invocations=29 (full 0):
 garbage-first heap   total 39936K, used 21850K [0x00000000c1600000, 0x0000000100000000)
  region size 1024K, 1 young (1024K), 1 survivors (1024K)
 Metaspace       used 58049K, committed 58496K, reserved 1114112K
  class space    used 7710K, committed 7936K, reserved 1048576K
}
Event: 54.112 GC heap before
{Heap before GC invocations=30 (full 0):
 garbage-first heap   total 39936K, used 33114K [0x00000000c1600000, 0x0000000100000000)
  region size 1024K, 12 young (12288K), 1 survivors (1024K)
 Metaspace       used 60353K, committed 60800K, reserved 1114112K
  class space    used 8203K, committed 8448K, reserved 1048576K
}
Event: 54.116 GC heap after
{Heap after GC invocations=31 (full 0):
 garbage-first heap   total 39936K, used 22252K [0x00000000c1600000, 0x0000000100000000)
  region size 1024K, 1 young (1024K), 1 survivors (1024K)
 Metaspace       used 60353K, committed 60800K, reserved 1114112K
  class space    used 8203K, committed 8448K, reserved 1048576K
}
Event: 58.716 GC heap before
{Heap before GC invocations=31 (full 0):
 garbage-first heap   total 39936K, used 32492K [0x00000000c1600000, 0x0000000100000000)
  region size 1024K, 12 young (12288K), 1 survivors (1024K)
 Metaspace       used 62206K, committed 62656K, reserved 1114112K
  class space    used 8480K, committed 8704K, reserved 1048576K
}
Event: 58.720 GC heap after
{Heap after GC invocations=32 (full 0):
 garbage-first heap   total 39936K, used 22553K [0x00000000c1600000, 0x0000000100000000)
  region size 1024K, 2 young (2048K), 2 survivors (2048K)
 Metaspace       used 62206K, committed 62656K, reserved 1114112K
  class space    used 8480K, committed 8704K, reserved 1048576K
}
Event: 65.088 GC heap before
{Heap before GC invocations=33 (full 0):
 garbage-first heap   total 40960K, used 32793K [0x00000000c1600000, 0x0000000100000000)
  region size 1024K, 12 young (12288K), 2 survivors (2048K)
 Metaspace       used 64076K, committed 64576K, reserved 1114112K
  class space    used 8792K, committed 9024K, reserved 1048576K
}
Event: 65.096 GC heap after
{Heap after GC invocations=34 (full 0):
 garbage-first heap   total 40960K, used 23436K [0x00000000c1600000, 0x0000000100000000)
  region size 1024K, 2 young (2048K), 2 survivors (2048K)
 Metaspace       used 64076K, committed 64576K, reserved 1114112K
  class space    used 8792K, committed 9024K, reserved 1048576K
}
Event: 65.200 GC heap before
{Heap before GC invocations=34 (full 0):
 garbage-first heap   total 40960K, used 24460K [0x00000000c1600000, 0x0000000100000000)
  region size 1024K, 3 young (3072K), 2 survivors (2048K)
 Metaspace       used 64331K, committed 64832K, reserved 1114112K
  class space    used 8804K, committed 9024K, reserved 1048576K
}
Event: 65.215 GC heap after
{Heap after GC invocations=35 (full 0):
 garbage-first heap   total 40960K, used 22843K [0x00000000c1600000, 0x0000000100000000)
  region size 1024K, 1 young (1024K), 1 survivors (1024K)
 Metaspace       used 64331K, committed 64832K, reserved 1114112K
  class space    used 8804K, committed 9024K, reserved 1048576K
}
Event: 66.828 GC heap before
{Heap before GC invocations=35 (full 0):
 garbage-first heap   total 40960K, used 32059K [0x00000000c1600000, 0x0000000100000000)
  region size 1024K, 11 young (11264K), 1 survivors (1024K)
 Metaspace       used 66245K, committed 66688K, reserved 1114112K
  class space    used 9060K, committed 9280K, reserved 1048576K
}
Event: 66.854 GC heap after
{Heap after GC invocations=36 (full 0):
 garbage-first heap   total 40960K, used 23649K [0x00000000c1600000, 0x0000000100000000)
  region size 1024K, 1 young (1024K), 1 survivors (1024K)
 Metaspace       used 66245K, committed 66688K, reserved 1114112K
  class space    used 9060K, committed 9280K, reserved 1048576K
}

Dll operation events (9 events):
Event: 0.640 Loaded shared library D:\sts-4.18.1.RELEASE\plugins\org.eclipse.justj.openjdk.hotspot.jre.full.win32.x86_64_17.0.7.v20230425-1502\jre\bin\java.dll
Event: 4.301 Loaded shared library D:\sts-4.18.1.RELEASE\plugins\org.eclipse.justj.openjdk.hotspot.jre.full.win32.x86_64_17.0.7.v20230425-1502\jre\bin\jimage.dll
Event: 4.830 Loaded shared library D:\sts-4.18.1.RELEASE\plugins\org.eclipse.justj.openjdk.hotspot.jre.full.win32.x86_64_17.0.7.v20230425-1502\jre\bin\net.dll
Event: 4.945 Loaded shared library D:\sts-4.18.1.RELEASE\plugins\org.eclipse.justj.openjdk.hotspot.jre.full.win32.x86_64_17.0.7.v20230425-1502\jre\bin\nio.dll
Event: 4.999 Loaded shared library D:\sts-4.18.1.RELEASE\plugins\org.eclipse.justj.openjdk.hotspot.jre.full.win32.x86_64_17.0.7.v20230425-1502\jre\bin\zip.dll
Event: 11.336 Loaded shared library D:\sts-4.18.1.RELEASE\plugins\org.eclipse.justj.openjdk.hotspot.jre.full.win32.x86_64_17.0.7.v20230425-1502\jre\bin\management.dll
Event: 11.914 Loaded shared library D:\sts-4.18.1.RELEASE\plugins\org.eclipse.justj.openjdk.hotspot.jre.full.win32.x86_64_17.0.7.v20230425-1502\jre\bin\management_ext.dll
Event: 35.712 Loaded shared library D:\sts-4.18.1.RELEASE\plugins\org.eclipse.justj.openjdk.hotspot.jre.full.win32.x86_64_17.0.7.v20230425-1502\jre\bin\sunmscapi.dll
Event: 43.700 Loaded shared library D:\sts-4.18.1.RELEASE\plugins\org.eclipse.justj.openjdk.hotspot.jre.full.win32.x86_64_17.0.7.v20230425-1502\jre\bin\verify.dll

Deoptimization events (6 events):
Event: 22.292 Thread 0x00000137d09468a0 DEOPT PACKING pc=0x00000137c4aa4319 sp=0x000000118e3fcd40
Event: 22.292 Thread 0x00000137d09468a0 DEOPT UNPACKING pc=0x00000137c4727143 sp=0x000000118e3fc220 mode 3
Event: 42.000 Thread 0x00000137d09468a0 DEOPT PACKING pc=0x00000137c4d3e67d sp=0x000000118e3fbe40
Event: 42.000 Thread 0x00000137d09468a0 DEOPT UNPACKING pc=0x00000137c4727143 sp=0x000000118e3fb3a8 mode 3
Event: 66.591 Thread 0x00000137d09468a0 DEOPT PACKING pc=0x00000137c4da2d9c sp=0x000000118e3fc9f0
Event: 66.591 Thread 0x00000137d09468a0 DEOPT UNPACKING pc=0x00000137c4727143 sp=0x000000118e3fbf48 mode 0

Classes unloaded (20 events):
Event: 58.798 Thread 0x00000137cbed4a00 Unloading class 0x0000000100512000 'java/lang/invoke/LambdaForm$MH+0x0000000100512000'
Event: 58.798 Thread 0x00000137cbed4a00 Unloading class 0x0000000100511c00 'java/lang/invoke/LambdaForm$MH+0x0000000100511c00'
Event: 58.798 Thread 0x00000137cbed4a00 Unloading class 0x0000000100511800 'java/lang/invoke/LambdaForm$MH+0x0000000100511800'
Event: 58.798 Thread 0x00000137cbed4a00 Unloading class 0x0000000100511400 'java/lang/invoke/LambdaForm$MH+0x0000000100511400'
Event: 58.798 Thread 0x00000137cbed4a00 Unloading class 0x0000000100511000 'java/lang/invoke/LambdaForm$MH+0x0000000100511000'
Event: 58.798 Thread 0x00000137cbed4a00 Unloading class 0x0000000100510c00 'java/lang/invoke/LambdaForm$MH+0x0000000100510c00'
Event: 58.798 Thread 0x00000137cbed4a00 Unloading class 0x0000000100510800 'java/lang/invoke/LambdaForm$MH+0x0000000100510800'
Event: 58.798 Thread 0x00000137cbed4a00 Unloading class 0x0000000100510400 'java/lang/invoke/LambdaForm$MH+0x0000000100510400'
Event: 58.798 Thread 0x00000137cbed4a00 Unloading class 0x0000000100510000 'java/lang/invoke/LambdaForm$MH+0x0000000100510000'
Event: 58.798 Thread 0x00000137cbed4a00 Unloading class 0x0000000100439800 'java/lang/invoke/LambdaForm$MH+0x0000000100439800'
Event: 58.798 Thread 0x00000137cbed4a00 Unloading class 0x0000000100439400 'java/lang/invoke/LambdaForm$MH+0x0000000100439400'
Event: 58.798 Thread 0x00000137cbed4a00 Unloading class 0x0000000100438c00 'java/lang/invoke/LambdaForm$MH+0x0000000100438c00'
Event: 58.798 Thread 0x00000137cbed4a00 Unloading class 0x00000001003a1000 'java/lang/invoke/LambdaForm$MH+0x00000001003a1000'
Event: 58.798 Thread 0x00000137cbed4a00 Unloading class 0x00000001003a0c00 'java/lang/invoke/LambdaForm$MH+0x00000001003a0c00'
Event: 58.798 Thread 0x00000137cbed4a00 Unloading class 0x00000001003a0800 'java/lang/invoke/LambdaForm$MH+0x00000001003a0800'
Event: 58.798 Thread 0x00000137cbed4a00 Unloading class 0x00000001003a0400 'java/lang/invoke/LambdaForm$MH+0x00000001003a0400'
Event: 58.798 Thread 0x00000137cbed4a00 Unloading class 0x00000001003a0000 'java/lang/invoke/LambdaForm$MH+0x00000001003a0000'
Event: 58.798 Thread 0x00000137cbed4a00 Unloading class 0x00000001000c3c00 'java/lang/invoke/LambdaForm$MH+0x00000001000c3c00'
Event: 58.798 Thread 0x00000137cbed4a00 Unloading class 0x00000001000c3800 'java/lang/invoke/LambdaForm$MH+0x00000001000c3800'
Event: 58.798 Thread 0x00000137cbed4a00 Unloading class 0x00000001000c3000 'java/lang/invoke/LambdaForm$MH+0x00000001000c3000'

Classes redefined (0 events):
No events

Internal exceptions (20 events):
Event: 49.401 Thread 0x00000137d09468a0 Exception <a 'java/lang/NoSuchMethodError'{0x00000000c4cc7660}: 'java.lang.Object java.lang.invoke.DirectMethodHandle$Holder.invokeStatic(java.lang.Object, java.lang.Object, int, java.lang.Object)'> (0x00000000c4cc7660) 
thrown [s\src\hotspot\share\interpreter\linkResolver.cpp, line 759]
Event: 49.401 Thread 0x00000137d09468a0 Exception <a 'java/lang/NoSuchMethodError'{0x00000000c4ccb0f8}: 'java.lang.Object java.lang.invoke.DirectMethodHandle$Holder.invokeStaticInit(java.lang.Object, java.lang.Object, int, java.lang.Object)'> (0x00000000c4ccb0f8) 
thrown [s\src\hotspot\share\interpreter\linkResolver.cpp, line 759]
Event: 56.208 Thread 0x00000137d09468a0 Exception <a 'java/lang/NoSuchMethodError'{0x00000000c3796338}: 'void java.lang.invoke.DirectMethodHandle$Holder.invokeStaticInit(java.lang.Object, int, java.lang.Object, java.lang.Object, java.lang.Object, java.lang.Object)'> (0x00000000c3796338) 
thrown [s\src\hotspot\share\interpreter\linkResolver.cpp, line 759]
Event: 56.413 Thread 0x00000137d09468a0 Exception <a 'java/lang/NoSuchMethodError'{0x00000000c3523b38}: 'java.lang.Object java.lang.invoke.DirectMethodHandle$Holder.newInvokeSpecial(java.lang.Object, java.lang.Object, java.lang.Object, java.lang.Object, java.lang.Object, java.lang.Object)'> (0x00000000c3523b38) 
thrown [s\src\hotspot\share\interpreter\linkResolver.cpp, line 759]
Event: 56.422 Thread 0x00000137d09468a0 Exception <a 'java/lang/NoSuchMethodError'{0x00000000c3534938}: 'int java.lang.invoke.DirectMethodHandle$Holder.invokeStatic(java.lang.Object, java.lang.Object, java.lang.Object, java.lang.Object, java.lang.Object)'> (0x00000000c3534938) 
thrown [s\src\hotspot\share\interpreter\linkResolver.cpp, line 759]
Event: 56.513 Thread 0x00000137d09468a0 Exception <a 'java/lang/NoSuchMethodError'{0x00000000c35e5788}: 'void java.lang.invoke.DirectMethodHandle$Holder.invokeInterface(java.lang.Object, java.lang.Object, int, java.lang.Object)'> (0x00000000c35e5788) 
thrown [s\src\hotspot\share\interpreter\linkResolver.cpp, line 759]
Event: 56.530 Thread 0x00000137d09468a0 Exception <a 'java/lang/NoSuchMethodError'{0x00000000c340cb50}: 'java.lang.Object java.lang.invoke.DirectMethodHandle$Holder.newInvokeSpecial(java.lang.Object, java.lang.Object, int, java.lang.Object)'> (0x00000000c340cb50) 
thrown [s\src\hotspot\share\interpreter\linkResolver.cpp, line 759]
Event: 56.530 Thread 0x00000137d09468a0 Exception <a 'java/lang/NoSuchMethodError'{0x00000000c3410718}: 'java.lang.Object java.lang.invoke.Invokers$Holder.linkToTargetMethod(java.lang.Object, int, java.lang.Object, java.lang.Object)'> (0x00000000c3410718) 
thrown [s\src\hotspot\share\interpreter\linkResolver.cpp, line 759]
Event: 58.640 Thread 0x00000137d09468a0 Exception <a 'java/lang/NoSuchMethodError'{0x00000000c33f21b8}: 'java.lang.Object java.lang.invoke.DirectMethodHandle$Holder.newInvokeSpecial(java.lang.Object, java.lang.Object, java.lang.Object, java.lang.Object, java.lang.Object, int)'> (0x00000000c33f21b8) 
thrown [s\src\hotspot\share\interpreter\linkResolver.cpp, line 759]
Event: 58.641 Thread 0x00000137d09468a0 Exception <a 'java/lang/NoSuchMethodError'{0x00000000c33f6278}: 'java.lang.Object java.lang.invoke.Invokers$Holder.linkToTargetMethod(java.lang.Object, java.lang.Object, java.lang.Object, java.lang.Object, int, java.lang.Object)'> (0x00000000c33f6278) 
thrown [s\src\hotspot\share\interpreter\linkResolver.cpp, line 759]
Event: 58.654 Thread 0x00000137d09468a0 Exception <a 'java/lang/NoSuchMethodError'{0x00000000c3234c90}: 'java.lang.Object java.lang.invoke.DirectMethodHandle$Holder.newInvokeSpecial(java.lang.Object, java.lang.Object, java.lang.Object, java.lang.Object, java.lang.Object, java.lang.Object, java.lang.Object, java.lang.Object, java.lang.Object, java.lang.Object, java.lang.Object)'> (0x00000000c3234c90) 
thrown [s\src\hotspot\share\interpreter\linkResolver.cpp, line 759]
Event: 58.655 Thread 0x00000137d09468a0 Exception <a 'java/lang/NoSuchMethodError'{0x00000000c32399c0}: 'java.lang.Object java.lang.invoke.DirectMethodHandle$Holder.invokeSpecial(java.lang.Object, java.lang.Object, java.lang.Object, java.lang.Object, java.lang.Object, java.lang.Object, java.lang.Object, java.lang.Object, java.lang.Object, java.lang.Object, java.lang.Object, java.lang.Object)'> (0x00000000c32399c0) 
thrown [s\src\hotspot\share\interpreter\linkResolver.cpp, line 759]
Event: 58.655 Thread 0x00000137d09468a0 Exception <a 'java/lang/NoSuchMethodError'{0x00000000c323df60}: 'java.lang.Object java.lang.invoke.Invokers$Holder.linkToTargetMethod(java.lang.Object, java.lang.Object, java.lang.Object, java.lang.Object, java.lang.Object, java.lang.Object, java.lang.Object, java.lang.Object, java.lang.Object, java.lang.Object, java.lang.Object)'> (0x00000000c323df60) 
thrown [s\src\hotspot\share\interpreter\linkResolver.cpp, line 759]
Event: 59.014 Thread 0x00000137d09468a0 Exception <a 'java/lang/NoSuchMethodError'{0x00000000c55ec578}: 'java.lang.Object java.lang.invoke.DirectMethodHandle$Holder.newInvokeSpecial(java.lang.Object, java.lang.Object, int, java.lang.Object, int, java.lang.Object, java.lang.Object)'> (0x00000000c55ec578) 
thrown [s\src\hotspot\share\interpreter\linkResolver.cpp, line 759]
Event: 59.294 Thread 0x00000137d09468a0 Exception <a 'java/lang/NoSuchMethodError'{0x00000000c4e62fd8}: 'java.lang.Object java.lang.invoke.DirectMethodHandle$Holder.newInvokeSpecial(java.lang.Object, java.lang.Object, java.lang.Object, java.lang.Object, java.lang.Object, java.lang.Object, java.lang.Object, int)'> (0x00000000c4e62fd8) 
thrown [s\src\hotspot\share\interpreter\linkResolver.cpp, line 759]
Event: 59.295 Thread 0x00000137d09468a0 Exception <a 'java/lang/NoSuchMethodError'{0x00000000c4e67fe0}: 'java.lang.Object java.lang.invoke.DirectMethodHandle$Holder.invokeSpecial(java.lang.Object, java.lang.Object, java.lang.Object, java.lang.Object, java.lang.Object, java.lang.Object, java.lang.Object, java.lang.Object, int)'> (0x00000000c4e67fe0) 
thrown [s\src\hotspot\share\interpreter\linkResolver.cpp, line 759]
Event: 59.992 Thread 0x00000137d09468a0 Exception <a 'java/lang/NoSuchMethodError'{0x00000000c4d661c8}: 'void java.lang.invoke.DirectMethodHandle$Holder.invokeInterface(java.lang.Object, java.lang.Object)'> (0x00000000c4d661c8) 
thrown [s\src\hotspot\share\interpreter\linkResolver.cpp, line 759]
Event: 65.554 Thread 0x00000137d09468a0 Exception <a 'java/lang/IncompatibleClassChangeError'{0x00000000c4d65ed0}: Found class java.lang.Object, but interface was expected> (0x00000000c4d65ed0) 
thrown [s\src\hotspot\share\interpreter\linkResolver.cpp, line 826]
Event: 65.653 Thread 0x00000137d09468a0 Exception <a 'java/lang/IncompatibleClassChangeError'{0x00000000c4de73e0}: Found class java.lang.Object, but interface was expected> (0x00000000c4de73e0) 
thrown [s\src\hotspot\share\interpreter\linkResolver.cpp, line 826]
Event: 65.882 Thread 0x00000137d09468a0 Exception <a 'java/lang/IncompatibleClassChangeError'{0x00000000c398f050}: Found class java.lang.Object, but interface was expected> (0x00000000c398f050) 
thrown [s\src\hotspot\share\interpreter\linkResolver.cpp, line 826]

VM Operations (20 events):
Event: 60.839 Executing VM operation: Cleanup done
Event: 61.848 Executing VM operation: Cleanup
Event: 61.848 Executing VM operation: Cleanup done
Event: 62.849 Executing VM operation: Cleanup
Event: 62.849 Executing VM operation: Cleanup done
Event: 63.850 Executing VM operation: Cleanup
Event: 63.850 Executing VM operation: Cleanup done
Event: 64.850 Executing VM operation: Cleanup
Event: 64.852 Executing VM operation: Cleanup done
Event: 65.088 Executing VM operation: G1CollectForAllocation
Event: 65.096 Executing VM operation: G1CollectForAllocation done
Event: 65.200 Executing VM operation: G1CollectForAllocation
Event: 65.215 Executing VM operation: G1CollectForAllocation done
Event: 66.578 Executing VM operation: HandshakeAllThreads
Event: 66.578 Executing VM operation: HandshakeAllThreads done
Event: 66.578 Executing VM operation: Cleanup
Event: 66.578 Executing VM operation: Cleanup done
Event: 66.828 Executing VM operation: G1CollectForAllocation
Event: 66.854 Executing VM operation: G1CollectForAllocation done
Event: 66.963 Executing VM operation: G1Concurrent

Events (20 events):
Event: 64.254 Thread 0x00000137d1acfe90 Thread added: 0x00000137d1acfe90
Event: 64.436 Thread 0x00000137d1acfe90 Thread exited: 0x00000137d1acfe90
Event: 64.739 loading class javax/naming/Reference
Event: 64.760 loading class javax/naming/Reference done
Event: 65.038 loading class java/lang/SafeVarargs
Event: 65.042 loading class java/lang/SafeVarargs done
Event: 65.051 loading class sun/reflect/generics/reflectiveObjects/GenericArrayTypeImpl
Event: 65.067 loading class sun/reflect/generics/reflectiveObjects/GenericArrayTypeImpl done
Event: 65.502 loading class java/util/concurrent/ConcurrentHashMap$TreeNode
Event: 65.530 loading class java/util/concurrent/ConcurrentHashMap$TreeNode done
Event: 65.530 loading class java/util/concurrent/ConcurrentHashMap$TreeBin
Event: 65.553 loading class java/util/concurrent/ConcurrentHashMap$TreeBin done
Event: 66.610 loading class java/util/WeakHashMap$KeyIterator
Event: 66.660 loading class java/util/WeakHashMap$HashIterator
Event: 66.660 loading class java/util/WeakHashMap$HashIterator done
Event: 66.660 loading class java/util/WeakHashMap$KeyIterator done
Event: 66.660 loading class java/util/WeakHashMap$EntrySet
Event: 66.680 loading class java/util/WeakHashMap$EntrySet done
Event: 66.681 loading class java/util/WeakHashMap$EntryIterator
Event: 66.681 loading class java/util/WeakHashMap$EntryIterator done


Dynamic libraries:
0x00007ff7dd900000 - 0x00007ff7dd90e000 	D:\sts-4.18.1.RELEASE\plugins\org.eclipse.justj.openjdk.hotspot.jre.full.win32.x86_64_17.0.7.v20230425-1502\jre\bin\javaw.exe
0x00007ff902c70000 - 0x00007ff902e68000 	C:\WINDOWS\SYSTEM32\ntdll.dll
0x00007ff8fa1d0000 - 0x00007ff8fa1e9000 	C:\Program Files\AVAST Software\Avast\aswhook.dll
0x00007ff9024c0000 - 0x00007ff90257f000 	C:\WINDOWS\System32\KERNEL32.DLL
0x00007ff900500000 - 0x00007ff9007f6000 	C:\WINDOWS\System32\KERNELBASE.dll
0x00007ff900350000 - 0x00007ff900450000 	C:\WINDOWS\System32\ucrtbase.dll
0x00007ff8f66c0000 - 0x00007ff8f66d7000 	D:\sts-4.18.1.RELEASE\plugins\org.eclipse.justj.openjdk.hotspot.jre.full.win32.x86_64_17.0.7.v20230425-1502\jre\bin\jli.dll
0x00007ff8f3870000 - 0x00007ff8f3889000 	D:\sts-4.18.1.RELEASE\plugins\org.eclipse.justj.openjdk.hotspot.jre.full.win32.x86_64_17.0.7.v20230425-1502\jre\bin\VCRUNTIME140.dll
0x00007ff902a90000 - 0x00007ff902c2d000 	C:\WINDOWS\System32\USER32.dll
0x00007ff900a10000 - 0x00007ff900a32000 	C:\WINDOWS\System32\win32u.dll
0x00007ff901e30000 - 0x00007ff901e5c000 	C:\WINDOWS\System32\GDI32.dll
0x00007ff9008f0000 - 0x00007ff900a05000 	C:\WINDOWS\System32\gdi32full.dll
0x00007ff900800000 - 0x00007ff90089d000 	C:\WINDOWS\System32\msvcp_win.dll
0x00007ff8ee5f0000 - 0x00007ff8ee88a000 	C:\WINDOWS\WinSxS\amd64_microsoft.windows.common-controls_6595b64144ccf1df_6.0.19041.1110_none_60b5254171f9507e\COMCTL32.dll
0x00007ff902900000 - 0x00007ff90299e000 	C:\WINDOWS\System32\msvcrt.dll
0x00007ff9023e0000 - 0x00007ff902410000 	C:\WINDOWS\System32\IMM32.DLL
0x00007ff8fc190000 - 0x00007ff8fc19c000 	D:\sts-4.18.1.RELEASE\plugins\org.eclipse.justj.openjdk.hotspot.jre.full.win32.x86_64_17.0.7.v20230425-1502\jre\bin\vcruntime140_1.dll
0x00007ff8dbfa0000 - 0x00007ff8dc031000 	D:\sts-4.18.1.RELEASE\plugins\org.eclipse.justj.openjdk.hotspot.jre.full.win32.x86_64_17.0.7.v20230425-1502\jre\bin\msvcp140.dll
0x00007ff8bef30000 - 0x00007ff8bfb78000 	D:\sts-4.18.1.RELEASE\plugins\org.eclipse.justj.openjdk.hotspot.jre.full.win32.x86_64_17.0.7.v20230425-1502\jre\bin\server\jvm.dll
0x00007ff9026a0000 - 0x00007ff90274f000 	C:\WINDOWS\System32\ADVAPI32.dll
0x00007ff902580000 - 0x00007ff90261c000 	C:\WINDOWS\System32\sechost.dll
0x00007ff900dd0000 - 0x00007ff900ef6000 	C:\WINDOWS\System32\RPCRT4.dll
0x00007ff8f4880000 - 0x00007ff8f488a000 	C:\WINDOWS\SYSTEM32\VERSION.dll
0x00007ff8ed5b0000 - 0x00007ff8ed5b9000 	C:\WINDOWS\SYSTEM32\WSOCK32.dll
0x00007ff8eedd0000 - 0x00007ff8eedf7000 	C:\WINDOWS\SYSTEM32\WINMM.dll
0x00007ff9021c0000 - 0x00007ff90222b000 	C:\WINDOWS\System32\WS2_32.dll
0x00007ff8fe1f0000 - 0x00007ff8fe202000 	C:\WINDOWS\SYSTEM32\kernel.appcore.dll
0x00007ff8fc200000 - 0x00007ff8fc20a000 	D:\sts-4.18.1.RELEASE\plugins\org.eclipse.justj.openjdk.hotspot.jre.full.win32.x86_64_17.0.7.v20230425-1502\jre\bin\jimage.dll
0x00007ff8f44f0000 - 0x00007ff8f46d4000 	C:\WINDOWS\SYSTEM32\DBGHELP.DLL
0x00007ff8f4340000 - 0x00007ff8f4374000 	C:\WINDOWS\SYSTEM32\dbgcore.DLL
0x00007ff900a40000 - 0x00007ff900ac2000 	C:\WINDOWS\System32\bcryptPrimitives.dll
0x00007ff8ef400000 - 0x00007ff8ef425000 	D:\sts-4.18.1.RELEASE\plugins\org.eclipse.justj.openjdk.hotspot.jre.full.win32.x86_64_17.0.7.v20230425-1502\jre\bin\java.dll
0x00007ff8f9240000 - 0x00007ff8f9258000 	D:\sts-4.18.1.RELEASE\plugins\org.eclipse.justj.openjdk.hotspot.jre.full.win32.x86_64_17.0.7.v20230425-1502\jre\bin\zip.dll
0x00007ff9016e0000 - 0x00007ff901e24000 	C:\WINDOWS\System32\SHELL32.dll
0x00007ff8fe3f0000 - 0x00007ff8feb83000 	C:\WINDOWS\SYSTEM32\windows.storage.dll
0x00007ff901e60000 - 0x00007ff9021b4000 	C:\WINDOWS\System32\combase.dll
0x00007ff8ffcc0000 - 0x00007ff8ffcee000 	C:\WINDOWS\SYSTEM32\Wldp.dll
0x00007ff902410000 - 0x00007ff9024bd000 	C:\WINDOWS\System32\SHCORE.dll
0x00007ff902a30000 - 0x00007ff902a85000 	C:\WINDOWS\System32\shlwapi.dll
0x00007ff900280000 - 0x00007ff9002a5000 	C:\WINDOWS\SYSTEM32\profapi.dll
0x00007ff8f31c0000 - 0x00007ff8f31d9000 	D:\sts-4.18.1.RELEASE\plugins\org.eclipse.justj.openjdk.hotspot.jre.full.win32.x86_64_17.0.7.v20230425-1502\jre\bin\net.dll
0x00007ff8f4ff0000 - 0x00007ff8f50fa000 	C:\WINDOWS\SYSTEM32\WINHTTP.dll
0x00007ff8ffa20000 - 0x00007ff8ffa8a000 	C:\WINDOWS\system32\mswsock.dll
0x00007ff8f06f0000 - 0x00007ff8f0705000 	D:\sts-4.18.1.RELEASE\plugins\org.eclipse.justj.openjdk.hotspot.jre.full.win32.x86_64_17.0.7.v20230425-1502\jre\bin\nio.dll
0x00007ff8fbfc0000 - 0x00007ff8fbfc9000 	D:\sts-4.18.1.RELEASE\plugins\org.eclipse.justj.openjdk.hotspot.jre.full.win32.x86_64_17.0.7.v20230425-1502\jre\bin\management.dll
0x00007ff8f3430000 - 0x00007ff8f343b000 	D:\sts-4.18.1.RELEASE\plugins\org.eclipse.justj.openjdk.hotspot.jre.full.win32.x86_64_17.0.7.v20230425-1502\jre\bin\management_ext.dll
0x00007ff902230000 - 0x00007ff902238000 	C:\WINDOWS\System32\PSAPI.DLL
0x00007ff8e76c0000 - 0x00007ff8e76d7000 	C:\WINDOWS\system32\napinsp.dll
0x00007ff8ea600000 - 0x00007ff8ea61b000 	C:\WINDOWS\system32\pnrpnsp.dll
0x00007ff8fac60000 - 0x00007ff8fac75000 	C:\WINDOWS\system32\wshbth.dll
0x00007ff8f58c0000 - 0x00007ff8f58dd000 	C:\WINDOWS\system32\NLAapi.dll
0x00007ff8ff710000 - 0x00007ff8ff74b000 	C:\WINDOWS\SYSTEM32\IPHLPAPI.DLL
0x00007ff8ff750000 - 0x00007ff8ff81a000 	C:\WINDOWS\SYSTEM32\DNSAPI.dll
0x00007ff902370000 - 0x00007ff902378000 	C:\WINDOWS\System32\NSI.dll
0x00007ff8ea620000 - 0x00007ff8ea632000 	C:\WINDOWS\System32\winrnr.dll
0x00007ff8f0300000 - 0x00007ff8f030a000 	C:\Windows\System32\rasadhlp.dll
0x00007ff8f01e0000 - 0x00007ff8f0262000 	C:\WINDOWS\System32\fwpuclnt.dll
0x00007ff900c30000 - 0x00007ff900c57000 	C:\WINDOWS\System32\bcrypt.dll
0x00007ff8ffc10000 - 0x00007ff8ffc28000 	C:\WINDOWS\SYSTEM32\CRYPTSP.dll
0x00007ff8ff330000 - 0x00007ff8ff364000 	C:\WINDOWS\system32\rsaenh.dll
0x00007ff900240000 - 0x00007ff90026e000 	C:\WINDOWS\SYSTEM32\USERENV.dll
0x00007ff8ffc30000 - 0x00007ff8ffc3c000 	C:\WINDOWS\SYSTEM32\CRYPTBASE.dll
0x00007ff8f4300000 - 0x00007ff8f4317000 	C:\WINDOWS\SYSTEM32\dhcpcsvc6.DLL
0x00007ff8f42e0000 - 0x00007ff8f42fd000 	C:\WINDOWS\SYSTEM32\dhcpcsvc.DLL
0x00007ff8f36b0000 - 0x00007ff8f36be000 	D:\sts-4.18.1.RELEASE\plugins\org.eclipse.justj.openjdk.hotspot.jre.full.win32.x86_64_17.0.7.v20230425-1502\jre\bin\sunmscapi.dll
0x00007ff900ad0000 - 0x00007ff900c2e000 	C:\WINDOWS\System32\CRYPT32.dll
0x00007ff8ffd90000 - 0x00007ff8ffdb8000 	C:\WINDOWS\SYSTEM32\ncrypt.dll
0x00007ff8ffcf0000 - 0x00007ff8ffd2b000 	C:\WINDOWS\SYSTEM32\NTASN1.dll
0x00007ff8f9270000 - 0x00007ff8f9280000 	D:\sts-4.18.1.RELEASE\plugins\org.eclipse.justj.openjdk.hotspot.jre.full.win32.x86_64_17.0.7.v20230425-1502\jre\bin\verify.dll

dbghelp: loaded successfully - version: 4.0.5 - missing functions: none
symbol engine: initialized successfully - sym options: 0x614 - pdb path: .;D:\sts-4.18.1.RELEASE\plugins\org.eclipse.justj.openjdk.hotspot.jre.full.win32.x86_64_17.0.7.v20230425-1502\jre\bin;C:\WINDOWS\SYSTEM32;C:\Program Files\AVAST Software\Avast;C:\WINDOWS\WinSxS\amd64_microsoft.windows.common-controls_6595b64144ccf1df_6.0.19041.1110_none_60b5254171f9507e;D:\sts-4.18.1.RELEASE\plugins\org.eclipse.justj.openjdk.hotspot.jre.full.win32.x86_64_17.0.7.v20230425-1502\jre\bin\server

VM Arguments:
jvm_args: -Dcom.sun.management.jmxremote -Dcom.sun.management.jmxremote.port=53404 -Dcom.sun.management.jmxremote.authenticate=false -Dcom.sun.management.jmxremote.ssl=false -Djava.rmi.server.hostname=localhost -Dspring.jmx.enabled=true -Dmanagement.endpoints.jmx.exposure.include=* -Dspring.application.admin.enabled=true -XX:TieredStopAtLevel=1 -Dspring.boot.project.name=PedidoBackEnd_Spring -Dfile.encoding=UTF-8 -XX:+ShowCodeDetailsInExceptionMessages 
java_command: com.api.PedidoBackEnd_Spring.PedidoBackEndSpringApplication --spring.output.ansi.enabled=always
java_class_path (initial): D:\Java_workspace\PedidoBackEnd_Spring\target\classes;C:\Users\janil\.m2\repository\org\springframework\boot\spring-boot-starter-data-jpa\3.1.2\spring-boot-starter-data-jpa-3.1.2.jar;C:\Users\janil\.m2\repository\org\springframework\boot\spring-boot-starter-aop\3.1.2\spring-boot-starter-aop-3.1.2.jar;C:\Users\janil\.m2\repository\org\springframework\spring-aop\6.0.11\spring-aop-6.0.11.jar;C:\Users\janil\.m2\repository\org\aspectj\aspectjweaver\1.9.19\aspectjweaver-1.9.19.jar;C:\Users\janil\.m2\repository\org\springframework\boot\spring-boot-starter-jdbc\3.1.2\spring-boot-starter-jdbc-3.1.2.jar;C:\Users\janil\.m2\repository\com\zaxxer\HikariCP\5.0.1\HikariCP-5.0.1.jar;C:\Users\janil\.m2\repository\org\springframework\spring-jdbc\6.0.11\spring-jdbc-6.0.11.jar;C:\Users\janil\.m2\repository\org\hibernate\orm\hibernate-core\6.2.6.Final\hibernate-core-6.2.6.Final.jar;C:\Users\janil\.m2\repository\jakarta\persistence\jakarta.persistence-api\3.1.0\jakarta.persistence-api-3.1.0.jar;C:\Users\janil\.m2\repository\jakarta\transaction\jakarta.transaction-api\2.0.1\jakarta.transaction-api-2.0.1.jar;C:\Users\janil\.m2\repository\org\jboss\logging\jboss-logging\3.5.3.Final\jboss-logging-3.5.3.Final.jar;C:\Users\janil\.m2\repository\org\hibernate\common\hibernate-commons-annotations\6.0.6.Final\hibernate-commons-annotations-6.0.6.Final.jar;C:\Users\janil\.m2\repository\io\smallrye\jandex\3.0.5\jandex-3.0.5.jar;C:\Users\janil\.m2\repository\com\fasterxml\classmate\1.5.1\classmate-1.5.1.jar;C:\Users\janil\.m2\repository\net\bytebuddy\byte-buddy\1.14.5\byte-buddy-1.14.5.jar;C:\Users\janil\.m2\repository\org\glassfish\jaxb\jaxb-runtime\4.0.3\jaxb-runtime-4.0.3.jar;C:\Users\janil\.m2\repository\org\glassfish\jaxb\jaxb-core\4.0.3\jaxb-core-4.0.3.jar;C:\Users\janil\.m2\repository\org\eclipse\angus\angus-activation\2.0.1\angus-activation-2.0.1.jar;C:\Users\janil\.m2\repository\org\glassfish\jaxb\txw2\4.0.3\txw2-4.0.3.jar;C:\Users\janil\.m2\repository\com\sun\ist
Launcher Type: SUN_STANDARD

[Global flags]
     intx CICompilerCount                          = 3                                         {product} {ergonomic}
     uint ConcGCThreads                            = 1                                         {product} {ergonomic}
     uint G1ConcRefinementThreads                  = 4                                         {product} {ergonomic}
   size_t G1HeapRegionSize                         = 1048576                                   {product} {ergonomic}
    uintx GCDrainStackTargetSize                   = 64                                        {product} {ergonomic}
   size_t InitialHeapSize                          = 67108864                                  {product} {ergonomic}
     bool ManagementServer                         = true                                      {product} {command line}
   size_t MarkStackSize                            = 4194304                                   {product} {ergonomic}
   size_t MaxHeapSize                              = 1050673152                                {product} {ergonomic}
   size_t MaxNewSize                               = 630194176                                 {product} {ergonomic}
   size_t MinHeapDeltaBytes                        = 1048576                                   {product} {ergonomic}
   size_t MinHeapSize                              = 8388608                                   {product} {ergonomic}
    uintx NonProfiledCodeHeapSize                  = 0                                      {pd product} {ergonomic}
     bool ProfileInterpreter                       = false                                  {pd product} {command line}
    uintx ProfiledCodeHeapSize                     = 0                                      {pd product} {ergonomic}
     bool ShowCodeDetailsInExceptionMessages       = true                                   {manageable} {command line}
   size_t SoftMaxHeapSize                          = 1050673152                             {manageable} {ergonomic}
     intx TieredStopAtLevel                        = 1                                         {product} {command line}
     bool UseCompressedClassPointers               = true                           {product lp64_product} {ergonomic}
     bool UseCompressedOops                        = true                           {product lp64_product} {ergonomic}
     bool UseG1GC                                  = true                                      {product} {ergonomic}
     bool UseLargePagesIndividualAllocation        = false                                  {pd product} {ergonomic}

Logging:
Log output configuration:
 #0: stdout all=warning uptime,level,tags
 #1: stderr all=off uptime,level,tags

Environment Variables:
JAVA_HOME=C:\Program Files\java\zulu17.42.19-ca-jdk17.0.7-win_i686
PATH=D:/sts-4.18.1.RELEASE//plugins/org.eclipse.justj.openjdk.hotspot.jre.full.win32.x86_64_17.0.7.v20230425-1502/jre/bin/server;D:/sts-4.18.1.RELEASE//plugins/org.eclipse.justj.openjdk.hotspot.jre.full.win32.x86_64_17.0.7.v20230425-1502/jre/bin;C:\Program Files (x86)\Common Files\Oracle\Java\javapath;C:\Program Files\java\zulu17.42.19-ca-jdk17.0.7-win_i686\bin;C:\oraclexe\client_oracle11;C:\Program Files\Java\jre\bin;C:\Program Files\java\jdk\bin;C:\WINDOWS\system32;C:\WINDOWS;C:\WINDOWS\System32\Wbem;C:\WINDOWS\System32\WindowsPowerShell\v1.0\;C:\WINDOWS\System32\OpenSSH\;C:\Program Files\Git\cmd;C:\Program Files\Java\jdk11.0.14\bin;C:\Program Files\MongoDB\Server\4.2\bin;C:\Program Files\dotnet\;C:\Program Files\Microsoft SQL Server\130\Tools\Binn\;C:\Program Files\Microsoft SQL Server\Client SDK\ODBC\170\Tools\Binn\;C:\Program Files\nodejs\node\;C:\Users\janil\AppData\Local\Programs\Python\Python311\Scripts\;C:\Users\janil\AppData\Local\Programs\Python\Python311\;C:\Users\janil\AppData\Local\Microsoft\WindowsApps;C:\Program Files (x86)\Microsoft VS Code\bin;C:\Users\janil\AppData\Local\Programs\Microsoft VS Code\bin;C:\Users\janil\AppData\Roaming\npm;C:\Program Files\JetBrains\IntelliJ IDEA 2023.1.1\bin;D:\sts-4.18.1.RELEASE;
USERNAME=janil
OS=Windows_NT
PROCESSOR_IDENTIFIER=Intel64 Family 6 Model 69 Stepping 1, GenuineIntel
TMP=C:\Users\janil\AppData\Local\Temp
TEMP=C:\Users\janil\AppData\Local\Temp



---------------  S Y S T E M  ---------------

OS:
 Windows 10 , 64 bit Build 19041 (10.0.19041.3155)
OS uptime: 32 days 10:49 hours

CPU: total 4 (initial active 4) (2 cores per cpu, 2 threads per core) family 6 model 69 stepping 1 microcode 0x25, cx8, cmov, fxsr, ht, mmx, sse, sse2, sse3, ssse3, sse4.1, sse4.2, popcnt, lzcnt, tsc, tscinvbit, avx, avx2, aes, erms, clmul, bmi1, bmi2, fma, vzeroupper, clflush

Memory: 4k page, system-wide physical 4000M (61M free)
TotalPageFile size 16288M (AvailPageFile size 8M)
current process WorkingSet (physical memory assigned to process): 113M, peak: 146M
current process commit charge ("private bytes"): 198M, peak: 200M

vm_info: OpenJDK 64-Bit Server VM (17.0.7+7) for windows-amd64 JRE (17.0.7+7), built on Apr 18 2023 22:10:42 by "temurin" with MS VC++ 16.7 (VS2019)

END.
